a:5:{s:9:"FechaHora";s:14:"20170104182905";s:7:"Usuario";s:9:"mmartinez";s:4:"page";s:51:"Obra.Contrato.Certificacion.RendicionCuentas.Update";s:2:"id";s:4:"4437";s:3:"idc";s:1:"1";}
a:4:{s:9:"FechaHora";s:14:"20170104183130";s:7:"Usuario";s:9:"mmartinez";s:4:"page";s:51:"Obra.Contrato.Certificacion.RendicionCuentas.Update";s:2:"id";s:4:"4437";}
a:5:{s:9:"FechaHora";s:14:"20170104183132";s:7:"Usuario";s:9:"mmartinez";s:4:"page";s:51:"Obra.Contrato.Certificacion.RendicionCuentas.Update";s:2:"id";s:4:"4437";s:3:"idc";s:1:"1";}
a:4:{s:9:"FechaHora";s:14:"20170104183135";s:7:"Usuario";s:9:"mmartinez";s:4:"page";s:51:"Obra.Contrato.Certificacion.RendicionCuentas.Update";s:2:"id";s:4:"4437";}
a:5:{s:9:"FechaHora";s:14:"20170104183136";s:7:"Usuario";s:9:"mmartinez";s:4:"page";s:37:"Obra.Contrato.Certificacion.HomeAdmin";s:3:"idc";s:3:"828";s:3:"ido";s:3:"900";}
a:5:{s:9:"FechaHora";s:14:"20170104184028";s:7:"Usuario";s:9:"mmartinez";s:4:"page";s:37:"Obra.Contrato.Certificacion.HomeAdmin";s:3:"idc";s:3:"828";s:3:"ido";s:3:"900";}
a:4:{s:9:"FechaHora";s:14:"20170104184037";s:7:"Usuario";s:9:"mmartinez";s:4:"page";s:37:"Obra.Contrato.Certificacion.HomeAdmin";s:3:"idc";s:3:"828";}
a:3:{s:9:"FechaHora";s:14:"20170104184037";s:7:"Usuario";s:9:"mmartinez";s:4:"page";s:9:"Obra.Home";}
a:5:{s:9:"FechaHora";s:14:"20170104184041";s:7:"Usuario";s:9:"mmartinez";s:4:"page";s:37:"Obra.Contrato.Certificacion.HomeAdmin";s:3:"idc";s:3:"828";s:3:"ido";s:3:"900";}
a:3:{s:9:"FechaHora";s:14:"20170104184052";s:7:"Usuario";s:9:"mmartinez";s:4:"page";s:14:"Obra.HomeAdmin";}
a:5:{s:9:"FechaHora";s:14:"20170104184102";s:7:"Usuario";s:9:"mmartinez";s:4:"page";s:37:"Obra.Contrato.Certificacion.HomeAdmin";s:3:"idc";s:3:"828";s:3:"ido";s:3:"900";}
a:4:{s:9:"FechaHora";s:14:"20170104184110";s:7:"Usuario";s:9:"mmartinez";s:4:"page";s:37:"Obra.Contrato.Certificacion.HomeAdmin";s:3:"ido";s:3:"900";}
a:5:{s:9:"FechaHora";s:14:"20170104184115";s:7:"Usuario";s:9:"mmartinez";s:4:"page";s:37:"Obra.Contrato.Certificacion.HomeAdmin";s:3:"idc";s:3:"828";s:3:"ido";s:3:"900";}
a:4:{s:9:"FechaHora";s:14:"20170104184125";s:7:"Usuario";s:9:"mmartinez";s:4:"page";s:37:"Obra.Contrato.Certificacion.HomeAdmin";s:3:"ido";s:3:"900";}
a:5:{s:9:"FechaHora";s:14:"20170104184127";s:7:"Usuario";s:9:"mmartinez";s:4:"page";s:37:"Obra.Contrato.Certificacion.HomeAdmin";s:3:"idc";s:3:"828";s:3:"ido";s:3:"900";}
a:5:{s:9:"FechaHora";s:14:"20170104185324";s:7:"Usuario";s:9:"mmartinez";s:4:"page";s:37:"Obra.Contrato.Certificacion.HomeAdmin";s:3:"idc";s:3:"828";s:3:"ido";s:3:"900";}
a:5:{s:9:"FechaHora";s:14:"20170104185329";s:7:"Usuario";s:9:"mmartinez";s:4:"page";s:51:"Obra.Contrato.Certificacion.RendicionCuentas.Update";s:2:"id";s:4:"4437";s:3:"ido";s:3:"900";}
a:5:{s:9:"FechaHora";s:14:"20170104185400";s:7:"Usuario";s:9:"mmartinez";s:4:"page";s:51:"Obra.Contrato.Certificacion.RendicionCuentas.Update";s:2:"id";s:4:"4437";s:3:"ido";s:3:"900";}
a:5:{s:9:"FechaHora";s:14:"20170104185405";s:7:"Usuario";s:9:"mmartinez";s:4:"page";s:37:"Obra.Contrato.Certificacion.HomeAdmin";s:3:"idc";s:3:"828";s:3:"ido";s:3:"900";}
a:5:{s:9:"FechaHora";s:14:"20170104185408";s:7:"Usuario";s:9:"mmartinez";s:4:"page";s:51:"Obra.Contrato.Certificacion.RendicionCuentas.Update";s:2:"id";s:4:"4437";s:3:"ido";s:3:"900";}
a:5:{s:9:"FechaHora";s:14:"20170104185421";s:7:"Usuario";s:9:"mmartinez";s:4:"page";s:51:"Obra.Contrato.Certificacion.RendicionCuentas.Update";s:2:"id";s:4:"4437";s:3:"ido";s:3:"900";}
a:5:{s:9:"FechaHora";s:14:"20170104185425";s:7:"Usuario";s:9:"mmartinez";s:4:"page";s:37:"Obra.Contrato.Certificacion.HomeAdmin";s:2:"id";s:4:"4437";s:3:"ido";s:3:"900";}
a:5:{s:9:"FechaHora";s:14:"20170104185427";s:7:"Usuario";s:9:"mmartinez";s:4:"page";s:51:"Obra.Contrato.Certificacion.RendicionCuentas.Update";s:2:"id";s:4:"4437";s:3:"ido";s:3:"900";}
a:5:{s:9:"FechaHora";s:14:"20170104185429";s:7:"Usuario";s:9:"mmartinez";s:4:"page";s:37:"Obra.Contrato.Certificacion.HomeAdmin";s:3:"idc";s:3:"828";s:3:"ido";s:3:"900";}
a:5:{s:9:"FechaHora";s:14:"20170104185435";s:7:"Usuario";s:9:"mmartinez";s:4:"page";s:51:"Obra.Contrato.Certificacion.RendicionCuentas.Update";s:2:"id";s:4:"4437";s:3:"ido";s:3:"900";}
a:5:{s:9:"FechaHora";s:14:"20170104185438";s:7:"Usuario";s:9:"mmartinez";s:4:"page";s:37:"Obra.Contrato.Certificacion.HomeAdmin";s:2:"id";s:4:"4437";s:3:"ido";s:3:"900";}
a:5:{s:9:"FechaHora";s:14:"20170104185447";s:7:"Usuario";s:9:"mmartinez";s:4:"page";s:37:"Obra.Contrato.Certificacion.HomeAdmin";s:2:"id";s:4:"4437";s:3:"ido";s:3:"900";}
a:5:{s:9:"FechaHora";s:14:"20170104185503";s:7:"Usuario";s:9:"mmartinez";s:4:"page";s:51:"Obra.Contrato.Certificacion.RendicionCuentas.Update";s:2:"id";s:4:"4437";s:3:"ido";s:3:"900";}
a:5:{s:9:"FechaHora";s:14:"20170104185505";s:7:"Usuario";s:9:"mmartinez";s:4:"page";s:37:"Obra.Contrato.Certificacion.HomeAdmin";s:3:"idc";s:3:"828";s:3:"ido";s:3:"900";}
a:3:{s:9:"FechaHora";s:14:"20170104185553";s:7:"Usuario";s:9:"mmartinez";s:4:"page";s:14:"Obra.HomeAdmin";}
a:5:{s:9:"FechaHora";s:14:"20170104185603";s:7:"Usuario";s:9:"mmartinez";s:4:"page";s:37:"Obra.Contrato.Certificacion.HomeAdmin";s:3:"idc";s:3:"828";s:3:"ido";s:3:"900";}
a:5:{s:9:"FechaHora";s:14:"20170104185624";s:7:"Usuario";s:9:"mmartinez";s:4:"page";s:37:"Obra.Contrato.Certificacion.HomeAdmin";s:3:"idc";s:3:"828";s:3:"ido";s:3:"900";}
a:5:{s:9:"FechaHora";s:14:"20170104185638";s:7:"Usuario";s:9:"mmartinez";s:4:"page";s:51:"Obra.Contrato.Certificacion.RendicionCuentas.Update";s:2:"id";s:4:"4437";s:3:"ido";s:3:"900";}
a:5:{s:9:"FechaHora";s:14:"20170104185643";s:7:"Usuario";s:9:"mmartinez";s:4:"page";s:37:"Obra.Contrato.Certificacion.HomeAdmin";s:3:"idc";s:4:"4437";s:3:"ido";s:3:"900";}
a:5:{s:9:"FechaHora";s:14:"20170104185643";s:7:"Usuario";s:9:"mmartinez";s:4:"page";s:39:"Obra.Contrato.Certificacion.UpdateAdmin";s:3:"ido";s:3:"900";s:3:"idc";s:4:"4437";}
a:5:{s:9:"FechaHora";s:14:"20170104185651";s:7:"Usuario";s:9:"mmartinez";s:4:"page";s:51:"Obra.Contrato.Certificacion.RendicionCuentas.Update";s:2:"id";s:4:"4437";s:3:"ido";s:3:"900";}
a:5:{s:9:"FechaHora";s:14:"20170104185654";s:7:"Usuario";s:9:"mmartinez";s:4:"page";s:37:"Obra.Contrato.Certificacion.HomeAdmin";s:3:"idc";s:3:"828";s:3:"ido";s:3:"900";}
a:5:{s:9:"FechaHora";s:14:"20170104185700";s:7:"Usuario";s:9:"mmartinez";s:4:"page";s:51:"Obra.Contrato.Certificacion.RendicionCuentas.Update";s:2:"id";s:4:"4437";s:3:"ido";s:3:"900";}
a:5:{s:9:"FechaHora";s:14:"20170104185705";s:7:"Usuario";s:9:"mmartinez";s:4:"page";s:37:"Obra.Contrato.Certificacion.HomeAdmin";s:3:"idc";s:4:"4437";s:3:"ido";s:3:"900";}
a:5:{s:9:"FechaHora";s:14:"20170104185705";s:7:"Usuario";s:9:"mmartinez";s:4:"page";s:39:"Obra.Contrato.Certificacion.UpdateAdmin";s:3:"ido";s:3:"900";s:3:"idc";s:4:"4437";}
a:5:{s:9:"FechaHora";s:14:"20170104185707";s:7:"Usuario";s:9:"mmartinez";s:4:"page";s:51:"Obra.Contrato.Certificacion.RendicionCuentas.Update";s:2:"id";s:4:"4437";s:3:"ido";s:3:"900";}
a:5:{s:9:"FechaHora";s:14:"20170104185730";s:7:"Usuario";s:9:"mmartinez";s:4:"page";s:37:"Obra.Contrato.Certificacion.HomeAdmin";s:3:"idc";s:3:"828";s:3:"ido";s:3:"900";}
a:5:{s:9:"FechaHora";s:14:"20170104185757";s:7:"Usuario";s:9:"mmartinez";s:4:"page";s:51:"Obra.Contrato.Certificacion.RendicionCuentas.Update";s:2:"id";s:4:"4437";s:3:"ido";s:3:"900";}
a:5:{s:9:"FechaHora";s:14:"20170104185806";s:7:"Usuario";s:9:"mmartinez";s:4:"page";s:37:"Obra.Contrato.Certificacion.HomeAdmin";s:3:"idc";s:3:"828";s:3:"ido";s:3:"900";}
a:5:{s:9:"FechaHora";s:14:"20170104185952";s:7:"Usuario";s:9:"mmartinez";s:4:"page";s:37:"Obra.Contrato.Certificacion.HomeAdmin";s:3:"idc";s:3:"828";s:3:"ido";s:3:"900";}
a:6:{s:9:"FechaHora";s:14:"20170104185957";s:7:"Usuario";s:9:"mmartinez";s:4:"page";s:51:"Obra.Contrato.Certificacion.RendicionCuentas.Update";s:2:"id";s:4:"4437";s:3:"ido";s:3:"900";s:10:"idcontrato";s:3:"828";}
a:5:{s:9:"FechaHora";s:14:"20170104185959";s:7:"Usuario";s:9:"mmartinez";s:4:"page";s:37:"Obra.Contrato.Certificacion.HomeAdmin";s:3:"idc";s:3:"828";s:3:"ido";s:3:"900";}
a:6:{s:9:"FechaHora";s:14:"20170104190003";s:7:"Usuario";s:9:"mmartinez";s:4:"page";s:51:"Obra.Contrato.Certificacion.RendicionCuentas.Update";s:2:"id";s:4:"4437";s:3:"ido";s:3:"900";s:10:"idcontrato";s:3:"828";}
a:5:{s:9:"FechaHora";s:14:"20170104190005";s:7:"Usuario";s:9:"mmartinez";s:4:"page";s:37:"Obra.Contrato.Certificacion.HomeAdmin";s:3:"idc";s:3:"828";s:3:"ido";s:3:"900";}
a:6:{s:9:"FechaHora";s:14:"20170104190008";s:7:"Usuario";s:9:"mmartinez";s:4:"page";s:51:"Obra.Contrato.Certificacion.RendicionCuentas.Update";s:2:"id";s:4:"4437";s:3:"ido";s:3:"900";s:10:"idcontrato";s:3:"828";}
